c:\users\jacob\desktop\uea stuff\computer graphics\coursework\freeglutexample\x64\debug\vc143.pdb
c:\users\jacob\desktop\uea stuff\computer graphics\coursework\freeglutexample\x64\debug\vc143.idb
c:\users\jacob\desktop\uea stuff\computer graphics\coursework\freeglutexample\x64\debug\intersectiontests.obj
c:\users\jacob\desktop\uea stuff\computer graphics\coursework\freeglutexample\x64\debug\texturehandler.obj
c:\users\jacob\desktop\uea stuff\computer graphics\coursework\freeglutexample\x64\debug\vector3d.obj
c:\users\jacob\desktop\uea stuff\computer graphics\coursework\freeglutexample\x64\debug\shader.obj
c:\users\jacob\desktop\uea stuff\computer graphics\coursework\freeglutexample\x64\debug\octree.obj
c:\users\jacob\desktop\uea stuff\computer graphics\coursework\freeglutexample\x64\debug\objloader.obj
c:\users\jacob\desktop\uea stuff\computer graphics\coursework\freeglutexample\x64\debug\main.obj
c:\users\jacob\desktop\uea stuff\computer graphics\coursework\freeglutexample\x64\debug\imageloading.obj
c:\users\jacob\desktop\uea stuff\computer graphics\coursework\freeglutexample\x64\debug\box.obj
c:\users\jacob\desktop\uea stuff\computer graphics\coursework\freeglutexample\x64\debug\threedmodel.obj
c:\users\jacob\desktop\uea stuff\computer graphics\coursework\x64\debug\freeglutexample.exe
c:\users\jacob\desktop\uea stuff\computer graphics\coursework\x64\debug\freeglutexample.pdb
c:\users\jacob\desktop\uea stuff\computer graphics\coursework\freeglutexample\x64\debug\freeglutexample.ilk
c:\users\jacob\desktop\uea stuff\computer graphics\coursework\freeglutexample\x64\debug\freeglutexample.tlog\cl.command.1.tlog
c:\users\jacob\desktop\uea stuff\computer graphics\coursework\freeglutexample\x64\debug\freeglutexample.tlog\cl.items.tlog
c:\users\jacob\desktop\uea stuff\computer graphics\coursework\freeglutexample\x64\debug\freeglutexample.tlog\cl.read.1.tlog
c:\users\jacob\desktop\uea stuff\computer graphics\coursework\freeglutexample\x64\debug\freeglutexample.tlog\cl.write.1.tlog
c:\users\jacob\desktop\uea stuff\computer graphics\coursework\freeglutexample\x64\debug\freeglutexample.tlog\link.command.1.tlog
c:\users\jacob\desktop\uea stuff\computer graphics\coursework\freeglutexample\x64\debug\freeglutexample.tlog\link.read.1.tlog
c:\users\jacob\desktop\uea stuff\computer graphics\coursework\freeglutexample\x64\debug\freeglutexample.tlog\link.secondary.1.tlog
c:\users\jacob\desktop\uea stuff\computer graphics\coursework\freeglutexample\x64\debug\freeglutexample.tlog\link.write.1.tlog
